<?xml version="1.0" encoding="UTF-8"?>
<!-- Generated by org.testng.reporters.JUnitReportReporter -->
<testsuite hostname="LAPTOP-VOS5FRST" failures="0" tests="4" name="com.qa.test.getAPITest" time="2.019" errors="0" timestamp="2021-04-09T16:15:58 IST" skipped="0">
  <testcase classname="com.qa.test.getAPITest" name="gettestwithoutHeaders" time="1.388"/>
  <system-out/>
  <testcase classname="com.qa.test.getAPITest" name="responsedata" time="0.012"/>
  <system-out/>
  <testcase classname="com.qa.test.getAPITest" name="getAPIwithHeaders" time="0.615"/>
  <system-out/>
  <testcase classname="com.qa.test.getAPITest" name="responsedatawithheaders" time="0.004"/>
  <system-out/>
</testsuite> <!-- com.qa.test.getAPITest -->
